#! /c/Source/iverilog-install/bin/vvp
:ivl_version "12.0 (devel)" "(s20150603-1539-g2693dd32b)";
:ivl_delay_selection "TYPICAL";
:vpi_time_precision - 9;
:vpi_module "C:\iverilog\lib\ivl\system.vpi";
:vpi_module "C:\iverilog\lib\ivl\vhdl_sys.vpi";
:vpi_module "C:\iverilog\lib\ivl\vhdl_textio.vpi";
:vpi_module "C:\iverilog\lib\ivl\v2005_math.vpi";
:vpi_module "C:\iverilog\lib\ivl\va_math.vpi";
S_000001a973484880 .scope module, "sum1bcc_TB" "sum1bcc_TB" 2 5;
 .timescale -9 -9;
v000001a973494600_0 .var "c", 0 0;
v000001a9734946a0_0 .net "out", 0 0, L_000001a9734de160;  1 drivers
v000001a973494740_0 .var "x", 0 0;
v000001a9734947e0_0 .var "y", 0 0;
v000001a9734de020_0 .net "z", 0 0, L_000001a9734de0c0;  1 drivers
S_000001a973495db0 .scope begin, "TEST_CASE" "TEST_CASE" 2 31, 2 31 0, S_000001a973484880;
 .timescale -9 -9;
S_000001a973495f40 .scope module, "uut" "sum1bcc" 2 14, 3 1 0, S_000001a973484880;
 .timescale 0 0;
    .port_info 0 /INPUT 1 "A";
    .port_info 1 /INPUT 1 "B";
    .port_info 2 /INPUT 1 "Ci";
    .port_info 3 /OUTPUT 1 "Cout";
    .port_info 4 /OUTPUT 1 "S";
v000001a97355a010_0 .net "A", 0 0, v000001a973494740_0;  1 drivers
v000001a97355c4f0_0 .net "B", 0 0, v000001a9734947e0_0;  1 drivers
v000001a9734960d0_0 .net "Ci", 0 0, v000001a973494600_0;  1 drivers
v000001a973496170_0 .net "Cout", 0 0, L_000001a9734de160;  alias, 1 drivers
v000001a9734944c0_0 .net "S", 0 0, L_000001a9734de0c0;  alias, 1 drivers
v000001a973494560_0 .var "st", 1 0;
E_000001a973485130 .event anyedge, v000001a97355a010_0, v000001a97355c4f0_0, v000001a9734960d0_0;
L_000001a9734de0c0 .part v000001a973494560_0, 0, 1;
L_000001a9734de160 .part v000001a973494560_0, 1, 1;
    .scope S_000001a973495f40;
T_0 ;
    %wait E_000001a973485130;
    %load/vec4 v000001a97355a010_0;
    %pad/u 2;
    %load/vec4 v000001a97355c4f0_0;
    %pad/u 2;
    %add;
    %load/vec4 v000001a9734960d0_0;
    %pad/u 2;
    %add;
    %store/vec4 v000001a973494560_0, 0, 2;
    %jmp T_0;
    .thread T_0, $push;
    .scope S_000001a973484880;
T_1 ;
    %pushi/vec4 0, 0, 1;
    %store/vec4 v000001a973494740_0, 0, 1;
    %pushi/vec4 0, 0, 1;
    %store/vec4 v000001a9734947e0_0, 0, 1;
    %pushi/vec4 0, 0, 1;
    %store/vec4 v000001a973494600_0, 0, 1;
    %delay 3, 0;
    %pushi/vec4 0, 0, 1;
    %store/vec4 v000001a973494740_0, 0, 1;
    %pushi/vec4 0, 0, 1;
    %store/vec4 v000001a9734947e0_0, 0, 1;
    %pushi/vec4 1, 0, 1;
    %store/vec4 v000001a973494600_0, 0, 1;
    %delay 3, 0;
    %pushi/vec4 0, 0, 1;
    %store/vec4 v000001a973494740_0, 0, 1;
    %pushi/vec4 1, 0, 1;
    %store/vec4 v000001a9734947e0_0, 0, 1;
    %pushi/vec4 0, 0, 1;
    %store/vec4 v000001a973494600_0, 0, 1;
    %delay 3, 0;
    %pushi/vec4 0, 0, 1;
    %store/vec4 v000001a973494740_0, 0, 1;
    %pushi/vec4 1, 0, 1;
    %store/vec4 v000001a9734947e0_0, 0, 1;
    %pushi/vec4 1, 0, 1;
    %store/vec4 v000001a973494600_0, 0, 1;
    %delay 3, 0;
    %pushi/vec4 1, 0, 1;
    %store/vec4 v000001a973494740_0, 0, 1;
    %pushi/vec4 0, 0, 1;
    %store/vec4 v000001a9734947e0_0, 0, 1;
    %pushi/vec4 0, 0, 1;
    %store/vec4 v000001a973494600_0, 0, 1;
    %delay 3, 0;
    %pushi/vec4 1, 0, 1;
    %store/vec4 v000001a973494740_0, 0, 1;
    %pushi/vec4 0, 0, 1;
    %store/vec4 v000001a9734947e0_0, 0, 1;
    %pushi/vec4 1, 0, 1;
    %store/vec4 v000001a973494600_0, 0, 1;
    %delay 3, 0;
    %pushi/vec4 1, 0, 1;
    %store/vec4 v000001a973494740_0, 0, 1;
    %pushi/vec4 1, 0, 1;
    %store/vec4 v000001a9734947e0_0, 0, 1;
    %pushi/vec4 0, 0, 1;
    %store/vec4 v000001a973494600_0, 0, 1;
    %delay 3, 0;
    %pushi/vec4 1, 0, 1;
    %store/vec4 v000001a973494740_0, 0, 1;
    %pushi/vec4 1, 0, 1;
    %store/vec4 v000001a9734947e0_0, 0, 1;
    %pushi/vec4 1, 0, 1;
    %store/vec4 v000001a973494600_0, 0, 1;
    %delay 3, 0;
    %end;
    .thread T_1;
    .scope S_000001a973484880;
T_2 ;
    %fork t_1, S_000001a973495db0;
    %jmp t_0;
    .scope S_000001a973495db0;
t_1 ;
    %vpi_call 2 32 "$dumpfile", "sum1bcc_TB.vcd" {0 0 0};
    %vpi_call 2 33 "$dumpvars", 32'sb11111111111111111111111111111111, S_000001a973495f40 {0 0 0};
    %delay 200, 0;
    %vpi_call 2 34 "$finish" {0 0 0};
    %end;
    .scope S_000001a973484880;
t_0 %join;
    %end;
    .thread T_2;
# The file index is used to find the file name in the following table.
:file_names 4;
    "N/A";
    "<interactive>";
    "sum1bcc_TB.v";
    "./sum1bcc.v";
